<?xml version="1.0" encoding="UTF-8"?>
<coverage generated="1743615935048" clover="3.2.0">
  <project timestamp="1743615935048" name="All files">
    <metrics statements="23" coveredstatements="23" conditionals="2" coveredconditionals="1" methods="7" coveredmethods="7" elements="32" coveredelements="31" complexity="0" loc="23" ncloc="23" packages="1" files="1" classes="1"/>
    <file name="errors.ts" path="G:\Projects\technical_tests\Apeiroo\backend\src\utils\errors.ts">
      <metrics statements="23" coveredstatements="23" conditionals="2" coveredconditionals="1" methods="7" coveredmethods="7"/>
      <line num="1" count="1" type="stmt"/>
      <line num="2" count="7" type="cond" truecount="0" falsecount="1"/>
      <line num="3" count="7" type="stmt"/>
      <line num="4" count="7" type="stmt"/>
      <line num="5" count="7" type="stmt"/>
      <line num="9" count="1" type="stmt"/>
      <line num="11" count="1" type="stmt"/>
      <line num="15" count="1" type="stmt"/>
      <line num="17" count="1" type="stmt"/>
      <line num="21" count="1" type="stmt"/>
      <line num="22" count="1" type="stmt"/>
      <line num="23" count="1" type="stmt"/>
      <line num="24" count="1" type="stmt"/>
      <line num="28" count="1" type="stmt"/>
      <line num="30" count="1" type="stmt"/>
      <line num="35" count="1" type="stmt"/>
      <line num="36" count="1" type="stmt"/>
      <line num="37" count="1" type="stmt"/>
      <line num="38" count="1" type="stmt"/>
      <line num="43" count="1" type="stmt"/>
      <line num="44" count="1" type="stmt"/>
      <line num="45" count="1" type="stmt"/>
      <line num="46" count="1" type="stmt"/>
    </file>
  </project>
</coverage>
